<!DOCTYPE html>
<html>
<head>
    <title>Unittest Results</title>
    <meta charset="utf-8">
    <meta name="viewport" content="width=device-width, initial-scale=1.0">
    <link rel="stylesheet" href="https://maxcdn.bootstrapcdn.com/bootstrap/3.3.6/css/bootstrap.min.css" integrity="sha384-1q8mTJOASx8j1Au+a5WDVnPi2lkFfwwEAa8hDDdjZlpLegxhjVME1fgjWPGmkzs7" crossorigin="anonymous">
</head>
<body>
    <div class="container">
        <div class="row">
            <div class="col-xs-12">
                <h2 class="text-capitalize">Unittest Results</h2>
                <p class='attribute'><strong>Start Time: </strong>2022-04-27 21:33:49</p>
                <p class='attribute'><strong>Duration: </strong>5.01 s</p>
                <p class='attribute'><strong>Summary: </strong>Total: 2, Pass: 0, Error: 2</p>
            </div>
        </div>
        <div class="row">
            <div class="col-xs-12 col-sm-10 col-md-10">
                <table class='table table-hover table-responsive'>
                    <thead>
                        <tr>
                            <th>__main__.MovieTest</th>
                            <th>Status</th>
                            <th></th>
                        </tr>
                    </thead>
                    <tbody>
                        <tr class='warning'>
                            <td class="col-xs-10">test_login</td>
                            <td class="col-xs-1">
                                <span class="label label-warning" style="display:block;width:40px;">Error</span>
                            </td>
                            <td class="col-xs-1">
                                <button class="btn btn-default btn-xs">View</button>
                            </td>
                        </tr>
                        <tr style="display:none;">
                            <td class="col-xs-9" colspan="3"><p style="color:maroon;">AttributeError: 'LoginPage' object has no attribute 'clickLogout'</p><p style="color:maroon;">Traceback (most recent call last):
  File "C:\Users\VietDoan\Downloads\PythonFinalTest1POM\testCases\test.py", line 21, in test_login
    self.test_login_page.test_func_login()
  File "C:\Users/VietDoan/Downloads/PythonFinalTest1POM\testCases\test_login_page.py", line 29, in test_func_login
    self.login_page.clickLogout()
AttributeError: 'LoginPage' object has no attribute 'clickLogout'
</p>
                            </td>
                        </tr>
                        <tr class='warning'>
                            <td class="col-xs-10">test_logout</td>
                            <td class="col-xs-1">
                                <span class="label label-warning" style="display:block;width:40px;">Error</span>
                            </td>
                            <td class="col-xs-1">
                                <button class="btn btn-default btn-xs">View</button>
                            </td>
                        </tr>
                        <tr style="display:none;">
                            <td class="col-xs-9" colspan="3"><p style="color:maroon;">NoSuchElementException: Message: no such element: Unable to locate element: {"method":"css selector","selector":"[id="//*[@id='form1']/div[3]/div/div[2]/ul/li[5]/a"]"}
  (Session info: chrome=100.0.4896.127)
Stacktrace:
Backtrace:
	Ordinal0 [0x00CC7413+2389011]
	Ordinal0 [0x00C59F61+1941345]
	Ordinal0 [0x00B4C658+837208]
	Ordinal0 [0x00B791DD+1020381]
	Ordinal0 [0x00B7949B+1021083]
	Ordinal0 [0x00BA6032+1204274]
	Ordinal0 [0x00B94194+1130900]
	Ordinal0 [0x00BA4302+1196802]
	Ordinal0 [0x00B93F66+1130342]
	Ordinal0 [0x00B6E546+976198]
	Ordinal0 [0x00B6F456+980054]
	GetHandleVerifier [0x00E79632+1727522]
	GetHandleVerifier [0x00F2BA4D+2457661]
	GetHandleVerifier [0x00D5EB81+569713]
	GetHandleVerifier [0x00D5DD76+566118]
	Ordinal0 [0x00C60B2B+1968939]
	Ordinal0 [0x00C65988+1989000]
	Ordinal0 [0x00C65A75+1989237]
	Ordinal0 [0x00C6ECB1+2026673]
	BaseThreadInitThunk [0x76E1FA29+25]
	RtlGetAppContainerNamedObjectPath [0x77C17A7E+286]
	RtlGetAppContainerNamedObjectPath [0x77C17A4E+238]
</p><p style="color:maroon;">Traceback (most recent call last):
  File "C:\Users\VietDoan\Downloads\PythonFinalTest1POM\testCases\test.py", line 27, in test_logout
    self.test_logout_page.test_func_logout()
  File "C:\Users\VietDoan\Downloads\PythonFinalTest1POM\testCases\test_logout_page.py", line 18, in test_func_logout
    self.logout_page.clickSystem()
  File "C:\Users/VietDoan/Downloads/PythonFinalTest1POM\pageObjects\LogoutPage.py", line 16, in clickSystem
    self.driver.find_element_by_id(self.menu_system_id).click()
  File "C:\Users\VietDoan\AppData\Local\Programs\Python\Python310\lib\site-packages\selenium\webdriver\remote\webdriver.py", line 473, in find_element_by_id
    return self.find_element(by=By.ID, value=id_)
  File "C:\Users\VietDoan\AppData\Local\Programs\Python\Python310\lib\site-packages\selenium\webdriver\remote\webdriver.py", line 1248, in find_element
    return self.execute(Command.FIND_ELEMENT, {
  File "C:\Users\VietDoan\AppData\Local\Programs\Python\Python310\lib\site-packages\selenium\webdriver\remote\webdriver.py", line 425, in execute
    self.error_handler.check_response(response)
  File "C:\Users\VietDoan\AppData\Local\Programs\Python\Python310\lib\site-packages\selenium\webdriver\remote\errorhandler.py", line 247, in check_response
    raise exception_class(message, screen, stacktrace)
selenium.common.exceptions.NoSuchElementException: Message: no such element: Unable to locate element: {"method":"css selector","selector":"[id="//*[@id='form1']/div[3]/div/div[2]/ul/li[5]/a"]"}
  (Session info: chrome=100.0.4896.127)
Stacktrace:
Backtrace:
	Ordinal0 [0x00CC7413+2389011]
	Ordinal0 [0x00C59F61+1941345]
	Ordinal0 [0x00B4C658+837208]
	Ordinal0 [0x00B791DD+1020381]
	Ordinal0 [0x00B7949B+1021083]
	Ordinal0 [0x00BA6032+1204274]
	Ordinal0 [0x00B94194+1130900]
	Ordinal0 [0x00BA4302+1196802]
	Ordinal0 [0x00B93F66+1130342]
	Ordinal0 [0x00B6E546+976198]
	Ordinal0 [0x00B6F456+980054]
	GetHandleVerifier [0x00E79632+1727522]
	GetHandleVerifier [0x00F2BA4D+2457661]
	GetHandleVerifier [0x00D5EB81+569713]
	GetHandleVerifier [0x00D5DD76+566118]
	Ordinal0 [0x00C60B2B+1968939]
	Ordinal0 [0x00C65988+1989000]
	Ordinal0 [0x00C65A75+1989237]
	Ordinal0 [0x00C6ECB1+2026673]
	BaseThreadInitThunk [0x76E1FA29+25]
	RtlGetAppContainerNamedObjectPath [0x77C17A7E+286]
	RtlGetAppContainerNamedObjectPath [0x77C17A4E+238]

</p>
                            </td>
                        </tr>
                        <tr>
                            <td colspan="3">
                                Total: 2, Pass: 0, Error: 2 -- Duration: 5.01 s
                            </td>
                        </tr>
                    </tbody>
                </table>
            </div>
        </div>
    </div>
    <script src="https://ajax.googleapis.com/ajax/libs/jquery/2.2.4/jquery.min.js"></script>
    <script type="text/javascript">
        $(document).ready(function(){
            $('td').on('click', '.btn', function(e){
                e.preventDefault();
                e.stopImmediatePropagation();
                var $this = $(this);
                var $nextRow = $this.closest('tr').next('tr');
                $nextRow.slideToggle("fast");
                $this.text(function(i, text){
                    if (text === 'View') {
                        return 'Hide';
                    } else {
                        return 'View';
                    };
                });
            });
        });
    </script>
</body>
</html